<?xml version="1.0" encoding="UTF-8"?>
<testsuite name="cheifetz.mostwanted.MostWantedControllerTest" tests="1" skipped="0" failures="0" errors="0" timestamp="2021-05-25T21:09:03" hostname="Ahuvas-Macbook-Pro.local" time="3.323">
  <properties/>
  <testcase name="setTexts" classname="cheifetz.mostwanted.MostWantedControllerTest" time="3.323"/>
  <system-out><![CDATA[]]></system-out>
  <system-err><![CDATA[]]></system-err>
</testsuite>
